2023-12-11 17:53:40 DEBUG MainRestController:38 - getting all users
2023-12-11 17:53:40 INFO  AspectLogger:18 - getUsers called...
2023-12-11 17:55:32 DEBUG MainRestController:38 - getting all users
2023-12-11 17:55:32 INFO  AspectLogger:18 - getUsers called...
2023-12-11 17:56:10 DEBUG MainRestController:38 - getting all users
2023-12-11 17:56:10 INFO  AspectLogger:18 - getUsers called...
2023-12-11 17:56:11 DEBUG MainRestController:38 - getting all users
2023-12-11 17:56:11 INFO  AspectLogger:18 - getUsers called...
2023-12-11 17:56:12 DEBUG MainRestController:38 - getting all users
2023-12-11 17:56:12 INFO  AspectLogger:18 - getUsers called...
2023-12-11 17:56:45 DEBUG MainRestController:38 - getting all users
2023-12-11 17:56:45 INFO  AspectLogger:18 - getUsers called...
2023-12-11 17:57:07 DEBUG MainRestController:38 - getting all users
2023-12-11 17:57:07 INFO  AspectLogger:18 - getUsers called...
2023-12-11 17:57:09 DEBUG MainRestController:38 - getting all users
2023-12-11 17:57:09 INFO  AspectLogger:18 - getUsers called...
2023-12-11 17:57:10 DEBUG MainRestController:38 - getting all users
2023-12-11 17:57:10 INFO  AspectLogger:18 - getUsers called...
2023-12-11 17:57:10 DEBUG MainRestController:38 - getting all users
2023-12-11 17:57:10 INFO  AspectLogger:18 - getUsers called...
2023-12-11 17:58:05 DEBUG MainRestController:38 - getting all users
2023-12-11 17:58:05 INFO  AspectLogger:18 - getUsers called...
2023-12-11 17:58:06 DEBUG MainRestController:38 - getting all users
2023-12-11 17:58:06 INFO  AspectLogger:18 - getUsers called...
2023-12-11 17:58:07 DEBUG MainRestController:38 - getting all users
2023-12-11 17:58:07 INFO  AspectLogger:18 - getUsers called...
2023-12-11 17:58:17 DEBUG MainRestController:38 - getting all users
2023-12-11 17:58:17 INFO  AspectLogger:18 - getUsers called...
2023-12-11 17:59:31 DEBUG MainRestController:38 - getting all users
2023-12-11 17:59:31 INFO  AspectLogger:18 - getUsers called...
2023-12-11 18:00:12 DEBUG MainRestController:38 - getting all users
2023-12-11 18:00:12 INFO  AspectLogger:18 - getUsers called...
2023-12-11 18:00:39 DEBUG MainRestController:38 - getting all users
2023-12-11 18:00:39 INFO  AspectLogger:18 - getUsers called...
2023-12-11 18:00:40 DEBUG MainRestController:38 - getting all users
2023-12-11 18:00:40 INFO  AspectLogger:18 - getUsers called...
2023-12-11 18:00:40 DEBUG MainRestController:38 - getting all users
2023-12-11 18:00:40 INFO  AspectLogger:18 - getUsers called...
2023-12-11 18:00:41 DEBUG MainRestController:38 - getting all users
2023-12-11 18:00:41 INFO  AspectLogger:18 - getUsers called...
2023-12-11 18:00:45 DEBUG MainRestController:38 - getting all users
2023-12-11 18:00:45 INFO  AspectLogger:18 - getUsers called...
2023-12-11 18:00:48 DEBUG MainRestController:38 - getting all users
2023-12-11 18:00:48 INFO  AspectLogger:18 - getUsers called...
2023-12-11 18:00:50 DEBUG MainRestController:38 - getting all users
2023-12-11 18:00:50 INFO  AspectLogger:18 - getUsers called...
2023-12-11 18:01:13 DEBUG MainRestController:52 - try to login user
2023-12-11 18:01:14 INFO  AspectLogger:18 - loginUser called...
2023-12-11 18:01:14 DEBUG MainRestController:38 - getting all users
2023-12-11 18:01:14 INFO  AspectLogger:18 - getUsers called...
2023-12-11 18:01:14 INFO  AspectLogger:18 - isAuthorized called...
2023-12-11 18:01:14 INFO  AspectLogger:18 - getUser called...
2023-12-11 18:01:14 INFO  AspectLogger:26 - getAllCarsForUser called...
2023-12-11 18:01:14 INFO  AspectLogger:18 - getUser called...
2023-12-11 18:01:14 INFO  AspectLogger:34 - getAllByUserId called...
2023-12-11 18:01:28 DEBUG MainRestController:38 - getting all users
2023-12-11 18:01:28 INFO  AspectLogger:18 - getUsers called...
2023-12-11 18:01:28 INFO  AspectLogger:18 - isAuthorized called...
2023-12-11 18:01:28 INFO  AspectLogger:18 - getUser called...
2023-12-11 18:01:28 INFO  AspectLogger:26 - getAllCarsForUser called...
2023-12-11 18:01:28 INFO  AspectLogger:18 - getUser called...
2023-12-11 18:01:28 INFO  AspectLogger:34 - getAllByUserId called...
2023-12-11 18:01:29 DEBUG MainRestController:38 - getting all users
2023-12-11 18:01:29 INFO  AspectLogger:18 - getUsers called...
2023-12-11 18:01:29 INFO  AspectLogger:18 - isAuthorized called...
2023-12-11 18:01:29 INFO  AspectLogger:18 - getUser called...
2023-12-11 18:01:29 INFO  AspectLogger:26 - getAllCarsForUser called...
2023-12-11 18:01:29 INFO  AspectLogger:18 - getUser called...
2023-12-11 18:01:29 INFO  AspectLogger:34 - getAllByUserId called...
2023-12-11 18:01:30 DEBUG MainRestController:38 - getting all users
2023-12-11 18:01:30 INFO  AspectLogger:18 - getUsers called...
2023-12-11 18:01:31 DEBUG MainRestController:38 - getting all users
2023-12-11 18:01:31 INFO  AspectLogger:18 - getUsers called...
2023-12-11 18:01:31 DEBUG MainRestController:38 - getting all users
2023-12-11 18:01:31 INFO  AspectLogger:18 - getUsers called...
2023-12-11 18:01:31 DEBUG MainRestController:38 - getting all users
2023-12-11 18:01:31 INFO  AspectLogger:18 - getUsers called...
2023-12-11 18:01:33 INFO  AspectLogger:18 - getUser called...
2023-12-11 18:01:33 INFO  AspectLogger:26 - userGetCarByName called...
2023-12-11 18:01:36 INFO  AspectLogger:18 - getUser called...
2023-12-11 18:01:36 INFO  AspectLogger:26 - userGetCarByName called...
2023-12-11 18:01:37 INFO  AspectLogger:18 - getUser called...
2023-12-11 18:01:37 INFO  AspectLogger:26 - userGetCarByName called...
2023-12-11 18:01:37 INFO  AspectLogger:18 - getUser called...
2023-12-11 18:01:37 INFO  AspectLogger:26 - userGetCarByName called...
2023-12-11 18:01:38 DEBUG MainRestController:38 - getting all users
2023-12-11 18:01:38 INFO  AspectLogger:18 - getUsers called...
2023-12-11 18:01:39 DEBUG MainRestController:38 - getting all users
2023-12-11 18:01:39 INFO  AspectLogger:18 - getUsers called...
2023-12-11 18:01:41 DEBUG MainRestController:38 - getting all users
2023-12-11 18:01:41 INFO  AspectLogger:18 - getUsers called...
2023-12-11 18:01:41 DEBUG MainRestController:38 - getting all users
2023-12-11 18:01:41 INFO  AspectLogger:18 - getUsers called...
2023-12-11 18:02:37 DEBUG MainRestController:38 - getting all users
2023-12-11 18:02:37 INFO  AspectLogger:18 - getUsers called...
2023-12-11 18:02:44 DEBUG MainRestController:38 - getting all users
2023-12-11 18:02:44 INFO  AspectLogger:18 - getUsers called...
2023-12-11 18:02:44 DEBUG MainRestController:38 - getting all users
2023-12-11 18:02:44 INFO  AspectLogger:18 - getUsers called...
2023-12-11 18:02:45 DEBUG MainRestController:38 - getting all users
2023-12-11 18:02:45 INFO  AspectLogger:18 - getUsers called...
2023-12-11 18:02:49 DEBUG MainRestController:38 - getting all users
2023-12-11 18:02:49 INFO  AspectLogger:18 - getUsers called...
2023-12-11 18:05:36 DEBUG MainRestController:38 - getting all users
2023-12-11 18:05:36 INFO  AspectLogger:18 - getUsers called...
2023-12-11 18:05:37 DEBUG MainRestController:38 - getting all users
2023-12-11 18:05:37 INFO  AspectLogger:18 - getUsers called...
2023-12-11 18:05:37 DEBUG MainRestController:38 - getting all users
2023-12-11 18:05:37 INFO  AspectLogger:18 - getUsers called...
2023-12-11 18:05:39 DEBUG MainRestController:38 - getting all users
2023-12-11 18:05:39 INFO  AspectLogger:18 - getUsers called...
2023-12-11 18:06:05 DEBUG MainRestController:52 - try to login user
2023-12-11 18:06:05 INFO  AspectLogger:18 - loginUser called...
2023-12-11 18:06:05 DEBUG MainRestController:38 - getting all users
2023-12-11 18:06:05 INFO  AspectLogger:18 - getUsers called...
2023-12-11 18:06:05 INFO  AspectLogger:18 - isAuthorized called...
2023-12-11 18:06:05 INFO  AspectLogger:18 - getUser called...
2023-12-11 18:06:05 INFO  AspectLogger:26 - getAllCarsForAdmin called...
2023-12-11 18:06:05 INFO  AspectLogger:34 - getAllByCarExpirationDateLessThan called...
2023-12-11 18:06:23 DEBUG MainRestController:38 - getting all users
2023-12-11 18:06:23 INFO  AspectLogger:18 - getUsers called...
2023-12-11 18:06:42 INFO  AspectLogger:26 - isCarExistByName called...
2023-12-11 18:06:42 INFO  AspectLogger:18 - isAuthorized called...
2023-12-11 18:06:42 INFO  AspectLogger:26 - createCar called...
2023-12-11 18:06:42 INFO  AspectLogger:26 - getAllCarsForAdmin called...
2023-12-11 18:06:58 INFO  AspectLogger:26 - isCarExistByName called...
2023-12-11 18:06:58 INFO  AspectLogger:18 - isAuthorized called...
2023-12-11 18:06:58 INFO  AspectLogger:26 - createCar called...
2023-12-11 18:06:58 INFO  AspectLogger:26 - getAllCarsForAdmin called...
2023-12-11 18:07:11 INFO  AspectLogger:26 - isCarExistByName called...
2023-12-11 18:07:11 INFO  AspectLogger:18 - isAuthorized called...
2023-12-11 18:07:11 INFO  AspectLogger:26 - createCar called...
2023-12-11 18:07:11 INFO  AspectLogger:26 - getAllCarsForAdmin called...
2023-12-11 18:07:25 INFO  AspectLogger:26 - isCarExistByName called...
2023-12-11 18:07:25 INFO  AspectLogger:18 - isAuthorized called...
2023-12-11 18:07:25 INFO  AspectLogger:26 - createCar called...
2023-12-11 18:07:25 INFO  AspectLogger:26 - getAllCarsForAdmin called...
2023-12-11 18:07:27 DEBUG MainRestController:38 - getting all users
2023-12-11 18:07:27 INFO  AspectLogger:18 - getUsers called...
2023-12-11 18:07:27 DEBUG MainRestController:38 - getting all users
2023-12-11 18:07:27 INFO  AspectLogger:18 - getUsers called...
2023-12-11 18:07:28 DEBUG MainRestController:38 - getting all users
2023-12-11 18:07:28 INFO  AspectLogger:18 - getUsers called...
2023-12-11 18:07:33 DEBUG MainRestController:38 - getting all users
2023-12-11 18:07:33 INFO  AspectLogger:18 - getUsers called...
2023-12-11 18:09:31 DEBUG MainRestController:76 - try to register user
2023-12-11 18:09:33 INFO  AspectLogger:18 - registerUser called...
2023-12-11 18:09:49 INFO  AspectLogger:18 - activate called...
2023-12-11 18:10:02 DEBUG MainRestController:38 - getting all users
2023-12-11 18:10:02 INFO  AspectLogger:18 - getUsers called...
2023-12-11 18:10:18 DEBUG MainRestController:52 - try to login user
2023-12-11 18:10:18 INFO  AspectLogger:18 - loginUser called...
2023-12-11 18:10:18 DEBUG MainRestController:38 - getting all users
2023-12-11 18:10:18 INFO  AspectLogger:18 - getUsers called...
2023-12-11 18:10:18 INFO  AspectLogger:18 - isAuthorized called...
2023-12-11 18:10:18 INFO  AspectLogger:18 - getUser called...
2023-12-11 18:10:18 INFO  AspectLogger:26 - getAllCarsForUser called...
2023-12-11 18:10:18 INFO  AspectLogger:18 - getUser called...
2023-12-11 18:10:18 INFO  AspectLogger:34 - getAllByUserId called...
2023-12-11 18:10:23 DEBUG MainRestController:38 - getting all users
2023-12-11 18:10:23 INFO  AspectLogger:18 - getUsers called...
2023-12-11 18:10:29 DEBUG MainRestController:38 - getting all users
2023-12-11 18:10:29 INFO  AspectLogger:18 - getUsers called...
2023-12-11 18:10:29 DEBUG MainRestController:38 - getting all users
2023-12-11 18:10:29 INFO  AspectLogger:18 - getUsers called...
2023-12-11 18:10:30 DEBUG MainRestController:38 - getting all users
2023-12-11 18:10:30 INFO  AspectLogger:18 - getUsers called...
2023-12-11 18:10:39 DEBUG MainRestController:76 - try to register user
2023-12-11 18:10:40 INFO  AspectLogger:18 - registerUser called...
2023-12-11 18:10:50 INFO  AspectLogger:18 - activate called...
2023-12-11 18:11:00 DEBUG MainRestController:52 - try to login user
2023-12-11 18:11:00 INFO  AspectLogger:18 - loginUser called...
2023-12-11 18:11:00 DEBUG MainRestController:38 - getting all users
2023-12-11 18:11:00 INFO  AspectLogger:18 - getUsers called...
2023-12-11 18:11:00 INFO  AspectLogger:18 - isAuthorized called...
2023-12-11 18:11:00 INFO  AspectLogger:18 - getUser called...
2023-12-11 18:11:00 INFO  AspectLogger:26 - getAllCarsForUser called...
2023-12-11 18:11:00 INFO  AspectLogger:18 - getUser called...
2023-12-11 18:11:00 INFO  AspectLogger:34 - getAllByUserId called...
2023-12-11 18:11:01 DEBUG MainRestController:38 - getting all users
2023-12-11 18:11:01 INFO  AspectLogger:18 - getUsers called...
2023-12-11 18:11:01 DEBUG MainRestController:38 - getting all users
2023-12-11 18:11:01 INFO  AspectLogger:18 - getUsers called...
2023-12-11 18:11:02 DEBUG MainRestController:38 - getting all users
2023-12-11 18:11:02 INFO  AspectLogger:18 - getUsers called...
2023-12-11 18:11:09 DEBUG MainRestController:38 - getting all users
2023-12-11 18:11:09 INFO  AspectLogger:18 - getUsers called...
2023-12-11 18:11:16 DEBUG MainRestController:52 - try to login user
2023-12-11 18:11:16 ERROR MainRestController:67 - error login
2023-12-11 18:11:16 INFO  AspectLogger:18 - loginUser called...
2023-12-11 18:11:19 DEBUG MainRestController:38 - getting all users
2023-12-11 18:11:19 INFO  AspectLogger:18 - getUsers called...
2023-12-11 18:11:29 DEBUG MainRestController:76 - try to register user
2023-12-11 18:11:30 INFO  AspectLogger:18 - registerUser called...
2023-12-11 18:11:38 INFO  AspectLogger:18 - activate called...
2023-12-11 18:11:43 DEBUG MainRestController:52 - try to login user
2023-12-11 18:11:43 INFO  AspectLogger:18 - loginUser called...
2023-12-11 18:11:43 DEBUG MainRestController:38 - getting all users
2023-12-11 18:11:43 INFO  AspectLogger:18 - getUsers called...
2023-12-11 18:11:43 INFO  AspectLogger:18 - isAuthorized called...
2023-12-11 18:11:43 INFO  AspectLogger:18 - getUser called...
2023-12-11 18:11:43 INFO  AspectLogger:26 - getAllCarsForUser called...
2023-12-11 18:11:43 INFO  AspectLogger:18 - getUser called...
2023-12-11 18:11:43 INFO  AspectLogger:34 - getAllByUserId called...
2023-12-11 18:11:44 DEBUG MainRestController:38 - getting all users
2023-12-11 18:11:44 INFO  AspectLogger:18 - getUsers called...
2023-12-11 18:11:44 DEBUG MainRestController:38 - getting all users
2023-12-11 18:11:44 INFO  AspectLogger:18 - getUsers called...
2023-12-11 18:11:45 DEBUG MainRestController:38 - getting all users
2023-12-11 18:11:45 INFO  AspectLogger:18 - getUsers called...
2023-12-11 18:11:46 DEBUG MainRestController:38 - getting all users
2023-12-11 18:11:46 INFO  AspectLogger:18 - getUsers called...
2023-12-11 18:11:46 DEBUG MainRestController:38 - getting all users
2023-12-11 18:11:46 INFO  AspectLogger:18 - getUsers called...
2023-12-11 18:11:47 DEBUG MainRestController:38 - getting all users
2023-12-11 18:11:47 INFO  AspectLogger:18 - getUsers called...
2023-12-11 18:11:52 DEBUG MainRestController:38 - getting all users
2023-12-11 18:11:52 INFO  AspectLogger:18 - getUsers called...
2023-12-11 18:11:53 DEBUG MainRestController:38 - getting all users
2023-12-11 18:11:53 INFO  AspectLogger:18 - getUsers called...
2023-12-11 18:11:53 DEBUG MainRestController:38 - getting all users
2023-12-11 18:11:53 INFO  AspectLogger:18 - getUsers called...
2023-12-11 18:11:54 DEBUG MainRestController:38 - getting all users
2023-12-11 18:11:54 INFO  AspectLogger:18 - getUsers called...
2023-12-11 18:13:39 DEBUG MainRestController:38 - getting all users
2023-12-11 18:13:39 INFO  AspectLogger:18 - getUsers called...
2023-12-11 18:16:28 DEBUG MainRestController:38 - getting all users
2023-12-11 18:16:29 INFO  AspectLogger:18 - getUsers called...
2023-12-11 18:16:34 DEBUG MainRestController:38 - getting all users
2023-12-11 18:16:34 INFO  AspectLogger:18 - getUsers called...
2023-12-11 18:16:34 DEBUG MainRestController:38 - getting all users
2023-12-11 18:16:34 INFO  AspectLogger:18 - getUsers called...
2023-12-11 18:16:34 DEBUG MainRestController:38 - getting all users
2023-12-11 18:16:34 INFO  AspectLogger:18 - getUsers called...
2023-12-11 18:16:35 DEBUG MainRestController:38 - getting all users
2023-12-11 18:16:35 INFO  AspectLogger:18 - getUsers called...
2023-12-11 18:19:13 DEBUG MainRestController:38 - getting all users
2023-12-11 18:19:13 INFO  AspectLogger:18 - getUsers called...
2023-12-11 18:21:10 INFO  PageTest:25 - running main page test
2023-12-11 18:21:10 INFO  PageTest:29 - running get /users api
2023-12-11 18:21:10 DEBUG MainRestController:38 - getting all users
2023-12-11 18:21:10 INFO  AspectLogger:18 - getUsers called...
2023-12-11 18:44:59 DEBUG MainRestController:38 - getting all users
2023-12-11 18:45:00 INFO  AspectLogger:18 - getUsers called...
2023-12-11 18:45:03 DEBUG MainRestController:38 - getting all users
2023-12-11 18:45:03 INFO  AspectLogger:18 - getUsers called...
2023-12-11 18:46:06 DEBUG MainRestController:38 - getting all users
2023-12-11 18:46:06 INFO  AspectLogger:18 - getUsers called...
2023-12-11 18:47:06 DEBUG MainRestController:52 - try to login user
2023-12-11 18:47:07 INFO  AspectLogger:18 - loginUser called...
2023-12-11 18:47:07 DEBUG MainRestController:38 - getting all users
2023-12-11 18:47:07 INFO  AspectLogger:18 - getUsers called...
2023-12-11 18:47:07 INFO  AspectLogger:18 - isAuthorized called...
2023-12-11 18:47:07 INFO  AspectLogger:18 - getUser called...
2023-12-11 18:47:07 INFO  AspectLogger:26 - getAllCarsForUser called...
2023-12-11 18:47:07 INFO  AspectLogger:18 - getUser called...
2023-12-11 18:47:07 INFO  AspectLogger:34 - getAllByUserId called...
2023-12-11 18:47:23 DEBUG MainRestController:38 - getting all users
2023-12-11 18:47:23 INFO  AspectLogger:18 - getUsers called...
2023-12-11 18:47:23 DEBUG MainRestController:38 - getting all users
2023-12-11 18:47:23 INFO  AspectLogger:18 - getUsers called...
2023-12-11 18:47:25 DEBUG MainRestController:38 - getting all users
2023-12-11 18:47:25 INFO  AspectLogger:18 - getUsers called...
2023-12-11 22:03:34 INFO  AspectLogger:26 - userGetCarByName called...
2023-12-11 22:05:29 INFO  AspectLogger:26 - userGetCarByName called...
2023-12-11 22:05:36 INFO  AspectLogger:26 - userGetCarByName called...
2023-12-12 19:31:21 DEBUG MainRestController:38 - getting all users
2023-12-12 19:31:21 INFO  AspectLogger:18 - getUsers called...
2023-12-12 19:31:22 INFO  AspectLogger:18 - isAuthorized called...
2023-12-12 19:31:22 INFO  AspectLogger:18 - getUser called...
2023-12-12 19:31:22 INFO  AspectLogger:26 - getAllCarsForUser called...
2023-12-12 19:31:22 INFO  AspectLogger:18 - getUser called...
2023-12-12 19:31:22 INFO  AspectLogger:34 - getAllByUserId called...
2023-12-12 19:31:25 DEBUG MainRestController:38 - getting all users
2023-12-12 19:31:25 INFO  AspectLogger:18 - getUsers called...
2023-12-12 19:31:25 DEBUG MainRestController:38 - getting all users
2023-12-12 19:31:25 INFO  AspectLogger:18 - getUsers called...
2023-12-12 19:31:27 DEBUG MainRestController:38 - getting all users
2023-12-12 19:31:27 INFO  AspectLogger:18 - getUsers called...
2023-12-12 19:31:32 DEBUG MainRestController:38 - getting all users
2023-12-12 19:31:32 INFO  AspectLogger:18 - getUsers called...
2023-12-12 19:31:43 DEBUG MainRestController:52 - try to login user
2023-12-12 19:31:43 INFO  AspectLogger:18 - loginUser called...
2023-12-12 19:31:43 DEBUG MainRestController:38 - getting all users
2023-12-12 19:31:43 INFO  AspectLogger:18 - getUsers called...
2023-12-12 19:31:43 INFO  AspectLogger:18 - isAuthorized called...
2023-12-12 19:31:43 INFO  AspectLogger:18 - getUser called...
2023-12-12 19:31:43 INFO  AspectLogger:26 - getAllCarsForAdmin called...
2023-12-12 19:31:43 INFO  AspectLogger:34 - getAllByCarExpirationDateLessThan called...
2023-12-12 19:31:49 DEBUG MainRestController:38 - getting all users
2023-12-12 19:31:49 INFO  AspectLogger:18 - getUsers called...
2023-12-12 19:31:56 DEBUG MainRestController:52 - try to login user
2023-12-12 19:31:56 INFO  AspectLogger:18 - loginUser called...
2023-12-12 19:31:56 DEBUG MainRestController:38 - getting all users
2023-12-12 19:31:56 INFO  AspectLogger:18 - getUsers called...
2023-12-12 19:31:56 INFO  AspectLogger:18 - isAuthorized called...
2023-12-12 19:31:56 INFO  AspectLogger:18 - getUser called...
2023-12-12 19:31:56 INFO  AspectLogger:26 - getAllCarsForUser called...
2023-12-12 19:31:56 INFO  AspectLogger:18 - getUser called...
2023-12-12 19:31:56 INFO  AspectLogger:34 - getAllByUserId called...
2023-12-12 19:32:08 INFO  AspectLogger:26 - getAllCarsForUser called...
2023-12-12 19:32:16 INFO  AspectLogger:26 - getAllCarsForUser called...
2023-12-12 19:32:21 INFO  AspectLogger:26 - getAllCarsForUser called...
2023-12-12 19:32:37 INFO  AspectLogger:18 - getUser called...
2023-12-12 19:32:37 INFO  AspectLogger:26 - userGetCarByName called...
2023-12-12 19:32:39 INFO  AspectLogger:18 - getUser called...
2023-12-12 19:32:39 INFO  AspectLogger:26 - userGetCarByName called...
2023-12-12 19:32:42 INFO  AspectLogger:18 - getUser called...
2023-12-12 19:32:42 INFO  AspectLogger:26 - userGetCarByName called...
2023-12-12 19:32:46 INFO  AspectLogger:26 - deleteCarByNameU called...
2023-12-12 19:32:46 INFO  AspectLogger:18 - getUser called...
2023-12-12 19:32:46 INFO  AspectLogger:34 - getAllByUserId called...
2023-12-12 19:32:48 INFO  AspectLogger:18 - getUser called...
2023-12-12 19:32:48 INFO  AspectLogger:26 - userGetCarByName called...
2023-12-12 19:32:50 INFO  AspectLogger:18 - getUser called...
2023-12-12 19:32:50 INFO  AspectLogger:26 - userGetCarByName called...
2023-12-12 19:32:54 INFO  AspectLogger:18 - getUser called...
2023-12-12 19:32:54 INFO  AspectLogger:34 - isUserRentExistByUserId called...
2023-12-12 19:32:54 INFO  AspectLogger:18 - isAuthorized called...
2023-12-12 19:32:54 INFO  AspectLogger:34 - createUserRent called...
2023-12-12 19:32:54 INFO  AspectLogger:18 - getUser called...
2023-12-12 19:32:54 INFO  AspectLogger:34 - getAllByUserId called...
2023-12-12 19:33:02 DEBUG MainRestController:38 - getting all users
2023-12-12 19:33:02 INFO  AspectLogger:18 - getUsers called...
2023-12-12 19:33:04 DEBUG MainRestController:38 - getting all users
2023-12-12 19:33:04 INFO  AspectLogger:18 - getUsers called...
2023-12-12 19:33:04 DEBUG MainRestController:38 - getting all users
2023-12-12 19:33:04 INFO  AspectLogger:18 - getUsers called...
2023-12-12 19:33:05 DEBUG MainRestController:38 - getting all users
2023-12-12 19:33:05 INFO  AspectLogger:18 - getUsers called...
2023-12-12 19:35:58 DEBUG MainRestController:38 - getting all users
2023-12-12 19:35:58 INFO  AspectLogger:18 - getUsers called...
2023-12-12 19:36:07 DEBUG MainRestController:52 - try to login user
2023-12-12 19:36:07 INFO  AspectLogger:18 - loginUser called...
2023-12-12 19:36:07 DEBUG MainRestController:38 - getting all users
2023-12-12 19:36:07 INFO  AspectLogger:18 - getUsers called...
2023-12-12 19:36:07 INFO  AspectLogger:18 - isAuthorized called...
2023-12-12 19:36:07 INFO  AspectLogger:18 - getUser called...
2023-12-12 19:36:07 INFO  AspectLogger:26 - getAllCarsForUser called...
2023-12-12 19:36:07 INFO  AspectLogger:18 - getUser called...
2023-12-12 19:36:07 INFO  AspectLogger:34 - getAllByUserId called...
2023-12-13 22:31:28 INFO  AspectLogger:26 - userGetCarByName called...
2023-12-14 09:31:03 DEBUG MainRestController:38 - getting all users
2023-12-14 09:31:03 INFO  AspectLogger:18 - getUsers called...
2023-12-14 09:31:03 INFO  AspectLogger:18 - isAuthorized called...
2023-12-14 09:31:03 INFO  AspectLogger:18 - getUser called...
2023-12-14 09:31:03 INFO  AspectLogger:26 - getAllCarsForUser called...
2023-12-14 09:31:03 INFO  AspectLogger:18 - getUser called...
2023-12-14 09:31:03 INFO  AspectLogger:34 - getAllByUserId called...
2023-12-14 09:31:05 DEBUG MainRestController:38 - getting all users
2023-12-14 09:31:05 INFO  AspectLogger:18 - getUsers called...
2023-12-14 09:31:11 DEBUG MainRestController:38 - getting all users
2023-12-14 09:31:11 INFO  AspectLogger:18 - getUsers called...
2023-12-14 09:31:11 DEBUG MainRestController:38 - getting all users
2023-12-14 09:31:11 INFO  AspectLogger:18 - getUsers called...
2023-12-14 09:31:12 DEBUG MainRestController:38 - getting all users
2023-12-14 09:31:12 INFO  AspectLogger:18 - getUsers called...
2023-12-14 09:31:20 DEBUG MainRestController:52 - try to login user
2023-12-14 09:31:20 INFO  AspectLogger:18 - loginUser called...
2023-12-14 09:31:20 DEBUG MainRestController:38 - getting all users
2023-12-14 09:31:20 INFO  AspectLogger:18 - getUsers called...
2023-12-14 09:31:20 INFO  AspectLogger:18 - isAuthorized called...
2023-12-14 09:31:20 INFO  AspectLogger:18 - getUser called...
2023-12-14 09:31:20 INFO  AspectLogger:26 - getAllCarsForAdmin called...
2023-12-14 09:31:20 INFO  AspectLogger:34 - getAllByCarExpirationDateLessThan called...
2023-12-14 09:31:30 DEBUG MainRestController:38 - getting all users
2023-12-14 09:31:30 INFO  AspectLogger:18 - getUsers called...
2023-12-14 09:31:38 DEBUG MainRestController:38 - getting all users
2023-12-14 09:31:38 INFO  AspectLogger:18 - getUsers called...
2023-12-14 09:31:44 DEBUG MainRestController:52 - try to login user
2023-12-14 09:31:44 INFO  AspectLogger:18 - loginUser called...
2023-12-14 09:31:44 DEBUG MainRestController:38 - getting all users
2023-12-14 09:31:44 INFO  AspectLogger:18 - getUsers called...
2023-12-14 09:31:44 INFO  AspectLogger:18 - isAuthorized called...
2023-12-14 09:31:44 INFO  AspectLogger:18 - getUser called...
2023-12-14 09:31:44 INFO  AspectLogger:26 - getAllCarsForUser called...
2023-12-14 09:31:44 INFO  AspectLogger:18 - getUser called...
2023-12-14 09:31:44 INFO  AspectLogger:34 - getAllByUserId called...
2023-12-14 11:50:43 DEBUG MainRestController:38 - getting all users
2023-12-14 11:50:43 INFO  AspectLogger:18 - getUsers called...
2023-12-14 11:50:44 INFO  AspectLogger:18 - isAuthorized called...
2023-12-14 11:50:44 INFO  AspectLogger:18 - getUser called...
2023-12-14 11:50:44 INFO  AspectLogger:26 - getAllCarsForUser called...
2023-12-14 11:50:44 INFO  AspectLogger:18 - getUser called...
2023-12-14 11:50:44 INFO  AspectLogger:34 - getAllByUserId called...
2023-12-14 11:50:53 DEBUG MainRestController:38 - getting all users
2023-12-14 11:50:53 INFO  AspectLogger:18 - getUsers called...
2023-12-14 11:50:56 DEBUG MainRestController:38 - getting all users
2023-12-14 11:50:56 INFO  AspectLogger:18 - getUsers called...
2023-12-14 11:50:56 DEBUG MainRestController:38 - getting all users
2023-12-14 11:50:56 INFO  AspectLogger:18 - getUsers called...
2023-12-14 11:50:58 DEBUG MainRestController:38 - getting all users
2023-12-14 11:50:58 INFO  AspectLogger:18 - getUsers called...
2023-12-14 11:51:49 DEBUG MainRestController:38 - getting all users
2023-12-14 11:51:49 INFO  AspectLogger:18 - getUsers called...
2023-12-14 11:51:56 DEBUG MainRestController:52 - try to login user
2023-12-14 11:51:56 INFO  AspectLogger:18 - loginUser called...
2023-12-14 11:51:56 DEBUG MainRestController:38 - getting all users
2023-12-14 11:51:56 INFO  AspectLogger:18 - getUsers called...
2023-12-14 11:51:56 INFO  AspectLogger:18 - isAuthorized called...
2023-12-14 11:51:56 INFO  AspectLogger:18 - getUser called...
2023-12-14 11:51:56 INFO  AspectLogger:26 - getAllCarsForAdmin called...
2023-12-14 11:51:57 INFO  AspectLogger:34 - getAllByCarExpirationDateLessThan called...
2023-12-14 11:52:04 INFO  AspectLogger:26 - adminGetCarByName called...
2023-12-14 11:52:09 INFO  AspectLogger:26 - isCarExistByName called...
2023-12-14 11:52:09 INFO  AspectLogger:18 - isAuthorized called...
2023-12-14 11:52:10 INFO  AspectLogger:26 - createCar called...
2023-12-14 11:52:10 INFO  AspectLogger:26 - getAllCarsForAdmin called...
2023-12-14 11:52:20 INFO  AspectLogger:26 - isCarExistByName called...
2023-12-14 11:52:20 INFO  AspectLogger:18 - isAuthorized called...
2023-12-14 11:52:26 INFO  AspectLogger:26 - adminGetCarByName called...
2023-12-14 11:52:29 INFO  AspectLogger:26 - isCarExistByName called...
2023-12-14 11:52:29 INFO  AspectLogger:18 - isAuthorized called...
2023-12-14 11:52:29 INFO  AspectLogger:26 - adminGetCarByName called...
2023-12-14 11:52:29 INFO  AspectLogger:26 - updateCar called...
2023-12-14 11:52:29 INFO  AspectLogger:26 - getAllCarsForAdmin called...
2023-12-14 11:52:34 INFO  AspectLogger:26 - isCarExistByName called...
2023-12-14 11:52:34 INFO  AspectLogger:18 - isAuthorized called...
2023-12-14 11:52:34 INFO  AspectLogger:26 - adminGetCarByName called...
2023-12-14 11:52:34 INFO  AspectLogger:34 - isUserRentExistByCarId called...
2023-12-14 11:52:34 INFO  AspectLogger:26 - deleteCarByNameA called...
2023-12-14 11:52:34 INFO  AspectLogger:26 - getAllCarsForAdmin called...
2023-12-14 11:52:39 DEBUG MainRestController:38 - getting all users
2023-12-14 11:52:39 INFO  AspectLogger:18 - getUsers called...
2023-12-14 11:52:45 DEBUG MainRestController:52 - try to login user
2023-12-14 11:52:45 INFO  AspectLogger:18 - loginUser called...
2023-12-14 11:52:45 DEBUG MainRestController:38 - getting all users
2023-12-14 11:52:45 INFO  AspectLogger:18 - getUsers called...
2023-12-14 11:52:45 INFO  AspectLogger:18 - isAuthorized called...
2023-12-14 11:52:45 INFO  AspectLogger:18 - getUser called...
2023-12-14 11:52:46 INFO  AspectLogger:26 - getAllCarsForUser called...
2023-12-14 11:52:46 INFO  AspectLogger:18 - getUser called...
2023-12-14 11:52:46 INFO  AspectLogger:34 - getAllByUserId called...
2023-12-14 11:52:52 INFO  AspectLogger:26 - deleteCarByNameU called...
2023-12-14 11:52:52 INFO  AspectLogger:18 - getUser called...
2023-12-14 11:52:52 INFO  AspectLogger:34 - getAllByUserId called...
2023-12-14 11:52:53 INFO  AspectLogger:18 - getUser called...
2023-12-14 11:52:53 INFO  AspectLogger:26 - userGetCarByName called...
2023-12-14 11:52:59 INFO  AspectLogger:18 - getUser called...
2023-12-14 11:52:59 INFO  AspectLogger:34 - isUserRentExistByUserId called...
2023-12-14 11:52:59 INFO  AspectLogger:18 - isAuthorized called...
2023-12-14 11:52:59 INFO  AspectLogger:34 - createUserRent called...
2023-12-14 11:52:59 INFO  AspectLogger:18 - getUser called...
2023-12-14 11:52:59 INFO  AspectLogger:34 - getAllByUserId called...
2023-12-14 11:54:56 DEBUG MainRestController:38 - getting all users
2023-12-14 11:54:56 INFO  AspectLogger:18 - getUsers called...
2023-12-14 11:54:56 INFO  AspectLogger:18 - isAuthorized called...
2023-12-14 11:54:56 INFO  AspectLogger:18 - getUser called...
2023-12-14 11:54:56 INFO  AspectLogger:26 - getAllCarsForUser called...
2023-12-14 11:54:56 INFO  AspectLogger:18 - getUser called...
2023-12-14 11:54:56 INFO  AspectLogger:34 - getAllByUserId called...
2023-12-14 12:00:15 INFO  AspectLogger:26 - userGetCarByName called...
